<?xml version="1.0" encoding="UTF-8"?>
<testng-results ignored="1" total="2" passed="1" failed="0" skipped="0">
  <reporter-output>
  </reporter-output>
  <suite started-at="2025-10-19T23:14:13 IST" name="Default suite" finished-at="2025-10-19T23:14:54 IST" duration-ms="40543">
    <groups>
    </groups>
    <test started-at="2025-10-19T23:14:13 IST" name="Default test" finished-at="2025-10-19T23:14:54 IST" duration-ms="40543">
      <class name="Tests.CreateAdmin">
        <test-method is-config="true" signature="setUp()[pri:0, instance:Tests.CreateAdmin@40ef3420]" started-at="2025-10-19T23:14:14 IST" name="setUp" finished-at="2025-10-19T23:14:15 IST" duration-ms="1907" status="PASS">
          <reporter-output>
          </reporter-output>
        </test-method> <!-- setUp -->
        <test-method signature="createAdminRole()[pri:0, instance:Tests.CreateAdmin@40ef3420]" started-at="2025-10-19T23:14:15 IST" name="createAdminRole" finished-at="2025-10-19T23:14:54 IST" duration-ms="38583" status="PASS">
          <reporter-output>
          </reporter-output>
        </test-method> <!-- createAdminRole -->
      </class> <!-- Tests.CreateAdmin -->
    </test> <!-- Default test -->
  </suite> <!-- Default suite -->
</testng-results>
